<?xml version="1.0" encoding="UTF-8"?>
<!-- Generated by org.testng.reporters.JUnitReportReporter -->
<testsuite hostname="Hamster" failures="0" tests="2" name="com.functest.jpwise.JpWiseBasicTest" time="0.070" errors="0" timestamp="11 Nov 2018 01:44:47 GMT">
  <testcase classname="com.functest.jpwise.JpWiseBasicTest" name="testCombi" time="0.047"/>
  <testcase classname="com.functest.jpwise.JpWiseBasicTest" name="testPairs" time="0.023"/>
</testsuite> <!-- com.functest.jpwise.JpWiseBasicTest -->
