<?xml version="1.0" encoding="UTF-8"?>
<!-- Generated by org.testng.reporters.JUnitReportReporter -->
<testsuite hostname="Hamster" failures="0" tests="1" name="com.functest.jpwise.ParameterValueMatcherTest" time="0.001" errors="0" timestamp="11 Nov 2018 01:44:47 GMT">
  <testcase classname="com.functest.jpwise.ParameterValueMatcherTest" name="valueMatcherTest" time="0.001"/>
</testsuite> <!-- com.functest.jpwise.ParameterValueMatcherTest -->
